{"D:\\vs code\\code 1\\real me 2\\frontend\\src\\components\\ChatBot.jsx": {"path":"D:\\vs code\\code 1\\real me 2\\frontend\\src\\components\\ChatBot.jsx","statementMap":{"0":{"start":{"line":3,"column":0},"end":{"line":3,"column":12}},"1":{"start":{"line":9,"column":2},"end":{"line":28,"column":3}},"2":{"start":{"line":10,"column":21},"end":{"line":16,"column":6}},"3":{"start":{"line":18,"column":4},"end":{"line":22,"column":5}},"4":{"start":{"line":19,"column":19},"end":{"line":19,"column":40}},"5":{"start":{"line":20,"column":23},"end":{"line":20,"column":91}},"6":{"start":{"line":21,"column":6},"end":{"line":21,"column":31}},"7":{"start":{"line":24,"column":17},"end":{"line":24,"column":38}},"8":{"start":{"line":25,"column":4},"end":{"line":25,"column":87}},"9":{"start":{"line":27,"column":4},"end":{"line":27,"column":15}},"10":{"start":{"line":31,"column":30},"end":{"line":31,"column":45}},"11":{"start":{"line":32,"column":40},"end":{"line":32,"column":55}},"12":{"start":{"line":33,"column":34},"end":{"line":40,"column":4}},"13":{"start":{"line":41,"column":38},"end":{"line":41,"column":50}},"14":{"start":{"line":42,"column":36},"end":{"line":42,"column":51}},"15":{"start":{"line":43,"column":28},"end":{"line":43,"column":42}},"16":{"start":{"line":44,"column":25},"end":{"line":44,"column":37}},"17":{"start":{"line":46,"column":2},"end":{"line":48,"column":16}},"18":{"start":{"line":47,"column":4},"end":{"line":47,"column":66}},"19":{"start":{"line":50,"column":28},"end":{"line":86,"column":3}},"20":{"start":{"line":51,"column":4},"end":{"line":51,"column":34}},"21":{"start":{"line":51,"column":28},"end":{"line":51,"column":34}},"22":{"start":{"line":53,"column":24},"end":{"line":58,"column":5}},"23":{"start":{"line":59,"column":4},"end":{"line":59,"column":49}},"24":{"start":{"line":59,"column":26},"end":{"line":59,"column":48}},"25":{"start":{"line":60,"column":4},"end":{"line":60,"column":21}},"26":{"start":{"line":61,"column":4},"end":{"line":61,"column":22}},"27":{"start":{"line":62,"column":4},"end":{"line":62,"column":18}},"28":{"start":{"line":64,"column":4},"end":{"line":85,"column":5}},"29":{"start":{"line":65,"column":22},"end":{"line":65,"column":57}},"30":{"start":{"line":67,"column":25},"end":{"line":72,"column":7}},"31":{"start":{"line":73,"column":6},"end":{"line":73,"column":50}},"32":{"start":{"line":73,"column":28},"end":{"line":73,"column":49}},"33":{"start":{"line":75,"column":6},"end":{"line":75,"column":74}},"34":{"start":{"line":76,"column":27},"end":{"line":81,"column":7}},"35":{"start":{"line":82,"column":6},"end":{"line":82,"column":52}},"36":{"start":{"line":82,"column":28},"end":{"line":82,"column":51}},"37":{"start":{"line":84,"column":6},"end":{"line":84,"column":25}},"38":{"start":{"line":88,"column":2},"end":{"line":324,"column":3}},"39":{"start":{"line":93,"column":25},"end":{"line":93,"column":40}},"40":{"start":{"line":113,"column":12},"end":{"line":113,"column":58}},"41":{"start":{"line":114,"column":12},"end":{"line":114,"column":81}},"42":{"start":{"line":117,"column":12},"end":{"line":117,"column":56}},"43":{"start":{"line":118,"column":12},"end":{"line":118,"column":81}},"44":{"start":{"line":163,"column":31},"end":{"line":163,"column":59}},"45":{"start":{"line":177,"column":31},"end":{"line":177,"column":47}},"46":{"start":{"line":207,"column":18},"end":{"line":229,"column":24}},"47":{"start":{"line":271,"column":37},"end":{"line":271,"column":66}},"48":{"start":{"line":272,"column":39},"end":{"line":272,"column":79}}},"fnMap":{"0":{"name":"sendMessage","decl":{"start":{"line":8,"column":15},"end":{"line":8,"column":26}},"loc":{"start":{"line":8,"column":40},"end":{"line":29,"column":1}},"line":8},"1":{"name":"ChatBot","decl":{"start":{"line":30,"column":24},"end":{"line":30,"column":31}},"loc":{"start":{"line":30,"column":34},"end":{"line":325,"column":1}},"line":30},"2":{"name":"(anonymous_2)","decl":{"start":{"line":46,"column":12},"end":{"line":46,"column":13}},"loc":{"start":{"line":46,"column":18},"end":{"line":48,"column":3}},"line":46},"3":{"name":"(anonymous_3)","decl":{"start":{"line":50,"column":28},"end":{"line":50,"column":29}},"loc":{"start":{"line":50,"column":40},"end":{"line":86,"column":3}},"line":50},"4":{"name":"(anonymous_4)","decl":{"start":{"line":59,"column":16},"end":{"line":59,"column":17}},"loc":{"start":{"line":59,"column":26},"end":{"line":59,"column":48}},"line":59},"5":{"name":"(anonymous_5)","decl":{"start":{"line":73,"column":18},"end":{"line":73,"column":19}},"loc":{"start":{"line":73,"column":28},"end":{"line":73,"column":49}},"line":73},"6":{"name":"(anonymous_6)","decl":{"start":{"line":82,"column":18},"end":{"line":82,"column":19}},"loc":{"start":{"line":82,"column":28},"end":{"line":82,"column":51}},"line":82},"7":{"name":"(anonymous_7)","decl":{"start":{"line":93,"column":19},"end":{"line":93,"column":20}},"loc":{"start":{"line":93,"column":25},"end":{"line":93,"column":40}},"line":93},"8":{"name":"(anonymous_8)","decl":{"start":{"line":112,"column":24},"end":{"line":112,"column":25}},"loc":{"start":{"line":112,"column":31},"end":{"line":115,"column":11}},"line":112},"9":{"name":"(anonymous_9)","decl":{"start":{"line":116,"column":24},"end":{"line":116,"column":25}},"loc":{"start":{"line":116,"column":31},"end":{"line":119,"column":11}},"line":116},"10":{"name":"(anonymous_10)","decl":{"start":{"line":163,"column":25},"end":{"line":163,"column":26}},"loc":{"start":{"line":163,"column":31},"end":{"line":163,"column":59}},"line":163},"11":{"name":"(anonymous_11)","decl":{"start":{"line":177,"column":25},"end":{"line":177,"column":26}},"loc":{"start":{"line":177,"column":31},"end":{"line":177,"column":47}},"line":177},"12":{"name":"(anonymous_12)","decl":{"start":{"line":206,"column":30},"end":{"line":206,"column":31}},"loc":{"start":{"line":207,"column":18},"end":{"line":229,"column":24}},"line":207},"13":{"name":"(anonymous_13)","decl":{"start":{"line":271,"column":30},"end":{"line":271,"column":31}},"loc":{"start":{"line":271,"column":37},"end":{"line":271,"column":66}},"line":271},"14":{"name":"(anonymous_14)","decl":{"start":{"line":272,"column":32},"end":{"line":272,"column":33}},"loc":{"start":{"line":272,"column":39},"end":{"line":272,"column":79}},"line":272}},"branchMap":{"0":{"loc":{"start":{"line":18,"column":4},"end":{"line":22,"column":5}},"type":"if","locations":[{"start":{"line":18,"column":4},"end":{"line":22,"column":5}},{"start":{},"end":{}}],"line":18},"1":{"loc":{"start":{"line":20,"column":23},"end":{"line":20,"column":91}},"type":"binary-expr","locations":[{"start":{"line":20,"column":23},"end":{"line":20,"column":33}},{"start":{"line":20,"column":37},"end":{"line":20,"column":49}},{"start":{"line":20,"column":53},"end":{"line":20,"column":91}}],"line":20},"2":{"loc":{"start":{"line":25,"column":11},"end":{"line":25,"column":87}},"type":"binary-expr","locations":[{"start":{"line":25,"column":11},"end":{"line":25,"column":24}},{"start":{"line":25,"column":28},"end":{"line":25,"column":87}}],"line":25},"3":{"loc":{"start":{"line":51,"column":4},"end":{"line":51,"column":34}},"type":"if","locations":[{"start":{"line":51,"column":4},"end":{"line":51,"column":34}},{"start":{},"end":{}}],"line":51},"4":{"loc":{"start":{"line":75,"column":15},"end":{"line":75,"column":73}},"type":"binary-expr","locations":[{"start":{"line":75,"column":15},"end":{"line":75,"column":26}},{"start":{"line":75,"column":30},"end":{"line":75,"column":73}}],"line":75},"5":{"loc":{"start":{"line":78,"column":14},"end":{"line":78,"column":70}},"type":"binary-expr","locations":[{"start":{"line":78,"column":14},"end":{"line":78,"column":25}},{"start":{"line":78,"column":29},"end":{"line":78,"column":70}}],"line":78},"6":{"loc":{"start":{"line":91,"column":7},"end":{"line":124,"column":7}},"type":"binary-expr","locations":[{"start":{"line":91,"column":7},"end":{"line":91,"column":14}},{"start":{"line":92,"column":8},"end":{"line":123,"column":17}}],"line":91},"7":{"loc":{"start":{"line":127,"column":7},"end":{"line":308,"column":7}},"type":"binary-expr","locations":[{"start":{"line":127,"column":7},"end":{"line":127,"column":13}},{"start":{"line":128,"column":8},"end":{"line":307,"column":14}}],"line":127},"8":{"loc":{"start":{"line":135,"column":20},"end":{"line":135,"column":50}},"type":"cond-expr","locations":[{"start":{"line":135,"column":34},"end":{"line":135,"column":40}},{"start":{"line":135,"column":43},"end":{"line":135,"column":50}}],"line":135},"9":{"loc":{"start":{"line":172,"column":23},"end":{"line":172,"column":59}},"type":"cond-expr","locations":[{"start":{"line":172,"column":37},"end":{"line":172,"column":46}},{"start":{"line":172,"column":49},"end":{"line":172,"column":59}}],"line":172},"10":{"loc":{"start":{"line":174,"column":17},"end":{"line":174,"column":80}},"type":"cond-expr","locations":[{"start":{"line":174,"column":31},"end":{"line":174,"column":54}},{"start":{"line":174,"column":57},"end":{"line":174,"column":80}}],"line":174},"11":{"loc":{"start":{"line":193,"column":11},"end":{"line":306,"column":11}},"type":"binary-expr","locations":[{"start":{"line":193,"column":11},"end":{"line":193,"column":23}},{"start":{"line":194,"column":12},"end":{"line":305,"column":15}}],"line":193},"12":{"loc":{"start":{"line":211,"column":38},"end":{"line":211,"column":87}},"type":"cond-expr","locations":[{"start":{"line":211,"column":62},"end":{"line":211,"column":72}},{"start":{"line":211,"column":75},"end":{"line":211,"column":87}}],"line":211},"13":{"loc":{"start":{"line":220,"column":36},"end":{"line":220,"column":81}},"type":"cond-expr","locations":[{"start":{"line":220,"column":60},"end":{"line":220,"column":69}},{"start":{"line":220,"column":72},"end":{"line":220,"column":81}}],"line":220},"14":{"loc":{"start":{"line":221,"column":31},"end":{"line":221,"column":71}},"type":"cond-expr","locations":[{"start":{"line":221,"column":55},"end":{"line":221,"column":62}},{"start":{"line":221,"column":65},"end":{"line":221,"column":71}}],"line":221},"15":{"loc":{"start":{"line":231,"column":17},"end":{"line":261,"column":17}},"type":"binary-expr","locations":[{"start":{"line":231,"column":17},"end":{"line":231,"column":26}},{"start":{"line":232,"column":18},"end":{"line":260,"column":24}}],"line":231},"16":{"loc":{"start":{"line":272,"column":39},"end":{"line":272,"column":79}},"type":"binary-expr","locations":[{"start":{"line":272,"column":39},"end":{"line":272,"column":56}},{"start":{"line":272,"column":60},"end":{"line":272,"column":79}}],"line":272},"17":{"loc":{"start":{"line":286,"column":30},"end":{"line":286,"column":61}},"type":"binary-expr","locations":[{"start":{"line":286,"column":30},"end":{"line":286,"column":48}},{"start":{"line":286,"column":52},"end":{"line":286,"column":61}}],"line":286},"18":{"loc":{"start":{"line":297,"column":31},"end":{"line":297,"column":72}},"type":"cond-expr","locations":[{"start":{"line":297,"column":65},"end":{"line":297,"column":68}},{"start":{"line":297,"column":71},"end":{"line":297,"column":72}}],"line":297},"19":{"loc":{"start":{"line":297,"column":31},"end":{"line":297,"column":62}},"type":"binary-expr","locations":[{"start":{"line":297,"column":31},"end":{"line":297,"column":49}},{"start":{"line":297,"column":53},"end":{"line":297,"column":62}}],"line":297}},"s":{"0":1,"1":0,"2":0,"3":0,"4":0,"5":0,"6":0,"7":0,"8":0,"9":0,"10":0,"11":0,"12":0,"13":0,"14":0,"15":0,"16":0,"17":0,"18":0,"19":0,"20":0,"21":0,"22":0,"23":0,"24":0,"25":0,"26":0,"27":0,"28":0,"29":0,"30":0,"31":0,"32":0,"33":0,"34":0,"35":0,"36":0,"37":0,"38":0,"39":0,"40":0,"41":0,"42":0,"43":0,"44":0,"45":0,"46":0,"47":0,"48":0},"f":{"0":0,"1":0,"2":0,"3":0,"4":0,"5":0,"6":0,"7":0,"8":0,"9":0,"10":0,"11":0,"12":0,"13":0,"14":0},"b":{"0":[0,0],"1":[0,0,0],"2":[0,0],"3":[0,0],"4":[0,0],"5":[0,0],"6":[0,0],"7":[0,0],"8":[0,0],"9":[0,0],"10":[0,0],"11":[0,0],"12":[0,0],"13":[0,0],"14":[0,0],"15":[0,0],"16":[0,0],"17":[0,0],"18":[0,0],"19":[0,0]},"_coverageSchema":"1a1c01bbd47fc00a2c39e90264f33305004495a9","hash":"439cc26f64d2baae82ecaf61b1096b87a8b65e44"}
}
