TN:
SF:real me 2\frontend\src\components\ChatBot.jsx
FN:8,sendMessage
FN:30,ChatBot
FN:46,(anonymous_2)
FN:50,(anonymous_3)
FN:59,(anonymous_4)
FN:73,(anonymous_5)
FN:82,(anonymous_6)
FN:93,(anonymous_7)
FN:112,(anonymous_8)
FN:116,(anonymous_9)
FN:163,(anonymous_10)
FN:177,(anonymous_11)
FN:206,(anonymous_12)
FN:271,(anonymous_13)
FN:272,(anonymous_14)
FNF:15
FNH:0
FNDA:0,sendMessage
FNDA:0,ChatBot
FNDA:0,(anonymous_2)
FNDA:0,(anonymous_3)
FNDA:0,(anonymous_4)
FNDA:0,(anonymous_5)
FNDA:0,(anonymous_6)
FNDA:0,(anonymous_7)
FNDA:0,(anonymous_8)
FNDA:0,(anonymous_9)
FNDA:0,(anonymous_10)
FNDA:0,(anonymous_11)
FNDA:0,(anonymous_12)
FNDA:0,(anonymous_13)
FNDA:0,(anonymous_14)
DA:3,1
DA:9,0
DA:10,0
DA:18,0
DA:19,0
DA:20,0
DA:21,0
DA:24,0
DA:25,0
DA:27,0
DA:31,0
DA:32,0
DA:33,0
DA:41,0
DA:42,0
DA:43,0
DA:44,0
DA:46,0
DA:47,0
DA:50,0
DA:51,0
DA:53,0
DA:59,0
DA:60,0
DA:61,0
DA:62,0
DA:64,0
DA:65,0
DA:67,0
DA:73,0
DA:75,0
DA:76,0
DA:82,0
DA:84,0
DA:88,0
DA:93,0
DA:113,0
DA:114,0
DA:117,0
DA:118,0
DA:163,0
DA:177,0
DA:207,0
DA:271,0
DA:272,0
LF:45
LH:1
BRDA:18,0,0,0
BRDA:18,0,1,0
BRDA:20,1,0,0
BRDA:20,1,1,0
BRDA:20,1,2,0
BRDA:25,2,0,0
BRDA:25,2,1,0
BRDA:51,3,0,0
BRDA:51,3,1,0
BRDA:75,4,0,0
BRDA:75,4,1,0
BRDA:78,5,0,0
BRDA:78,5,1,0
BRDA:91,6,0,0
BRDA:91,6,1,0
BRDA:127,7,0,0
BRDA:127,7,1,0
BRDA:135,8,0,0
BRDA:135,8,1,0
BRDA:172,9,0,0
BRDA:172,9,1,0
BRDA:174,10,0,0
BRDA:174,10,1,0
BRDA:193,11,0,0
BRDA:193,11,1,0
BRDA:211,12,0,0
BRDA:211,12,1,0
BRDA:220,13,0,0
BRDA:220,13,1,0
BRDA:221,14,0,0
BRDA:221,14,1,0
BRDA:231,15,0,0
BRDA:231,15,1,0
BRDA:272,16,0,0
BRDA:272,16,1,0
BRDA:286,17,0,0
BRDA:286,17,1,0
BRDA:297,18,0,0
BRDA:297,18,1,0
BRDA:297,19,0,0
BRDA:297,19,1,0
BRF:41
BRH:0
end_of_record
